/home/595/aj8223/.local/lib/python3.6/site-packages/numpy/lib/function_base.py:393: RuntimeWarning: Mean of empty slice.
  avg = a.mean(axis)
/home/595/aj8223/.local/lib/python3.6/site-packages/numpy/core/_methods.py:154: RuntimeWarning: invalid value encountered in true_divide
  ret, rcount, out=ret, casting='unsafe', subok=False)
CollectedData_Arg_SegTEST4.py:78: RuntimeWarning: Degrees of freedom <= 0 for slice
  Matrix[np.where((Matrix[:, allFeatures] == cla + 1)), 0:allFeatures][0], rowvar=False)
/home/595/aj8223/.local/lib/python3.6/site-packages/numpy/lib/function_base.py:2455: RuntimeWarning: divide by zero encountered in true_divide
  c *= np.true_divide(1, fact)
/home/595/aj8223/.local/lib/python3.6/site-packages/numpy/lib/function_base.py:2455: RuntimeWarning: invalid value encountered in multiply
  c *= np.true_divide(1, fact)
/home/595/aj8223/.local/lib/python3.6/site-packages/numpy/core/fromnumeric.py:3335: RuntimeWarning: Mean of empty slice.
  out=out, **kwargs)
Traceback (most recent call last):
  File "CollectedData_Arg_SegTEST4.py", line 677, in <module>
    , nameFile, startPerson, endPerson,allFeatures)
  File "CollectedData_Arg_SegTEST4.py", line 586, in evaluation
    samples, classes)
  File "CollectedData_Arg_SegTEST4.py", line 501, in SamplesFew_ShotTrainedModels
    xTrain.extend(np.random.multivariate_normal(meanDistribution, covDistribution, samples, check_valid='ignore'))
  File "mtrand.pyx", line 4084, in numpy.random.mtrand.RandomState.multivariate_normal
  File "/home/595/aj8223/.local/lib/python3.6/site-packages/scipy/linalg/decomp_svd.py", line 109, in svd
    a1 = _asarray_validated(a, check_finite=check_finite)
  File "/home/595/aj8223/.local/lib/python3.6/site-packages/scipy/_lib/_util.py", line 246, in _asarray_validated
    a = toarray(a)
  File "/home/595/aj8223/.local/lib/python3.6/site-packages/numpy/lib/function_base.py", line 499, in asarray_chkfinite
    "array must not contain infs or NaNs")
ValueError: array must not contain infs or NaNs
/home/595/aj8223/.local/lib/python3.6/site-packages/numpy/lib/function_base.py:393: RuntimeWarning: Mean of empty slice.
  avg = a.mean(axis)
/home/595/aj8223/.local/lib/python3.6/site-packages/numpy/core/_methods.py:154: RuntimeWarning: invalid value encountered in true_divide
  ret, rcount, out=ret, casting='unsafe', subok=False)
CollectedData_Arg_SegTEST4.py:78: RuntimeWarning: Degrees of freedom <= 0 for slice
  Matrix[np.where((Matrix[:, allFeatures] == cla + 1)), 0:allFeatures][0], rowvar=False)
/home/595/aj8223/.local/lib/python3.6/site-packages/numpy/lib/function_base.py:2455: RuntimeWarning: divide by zero encountered in true_divide
  c *= np.true_divide(1, fact)
/home/595/aj8223/.local/lib/python3.6/site-packages/numpy/lib/function_base.py:2455: RuntimeWarning: invalid value encountered in multiply
  c *= np.true_divide(1, fact)
/home/595/aj8223/.local/lib/python3.6/site-packages/numpy/core/fromnumeric.py:3335: RuntimeWarning: Mean of empty slice.
  out=out, **kwargs)
Traceback (most recent call last):
  File "CollectedData_Arg_SegTEST4.py", line 775, in <module>
    , nameFile, startPerson, endPerson,allFeatures)
  File "CollectedData_Arg_SegTEST4.py", line 586, in evaluation
    samples, classes)
  File "CollectedData_Arg_SegTEST4.py", line 501, in SamplesFew_ShotTrainedModels
    xTrain.extend(np.random.multivariate_normal(meanDistribution, covDistribution, samples, check_valid='ignore'))
  File "mtrand.pyx", line 4084, in numpy.random.mtrand.RandomState.multivariate_normal
  File "/home/595/aj8223/.local/lib/python3.6/site-packages/scipy/linalg/decomp_svd.py", line 109, in svd
    a1 = _asarray_validated(a, check_finite=check_finite)
  File "/home/595/aj8223/.local/lib/python3.6/site-packages/scipy/_lib/_util.py", line 246, in _asarray_validated
    a = toarray(a)
  File "/home/595/aj8223/.local/lib/python3.6/site-packages/numpy/lib/function_base.py", line 499, in asarray_chkfinite
    "array must not contain infs or NaNs")
ValueError: array must not contain infs or NaNs
/home/595/aj8223/.local/lib/python3.6/site-packages/numpy/lib/function_base.py:393: RuntimeWarning: Mean of empty slice.
  avg = a.mean(axis)
/home/595/aj8223/.local/lib/python3.6/site-packages/numpy/core/_methods.py:154: RuntimeWarning: invalid value encountered in true_divide
  ret, rcount, out=ret, casting='unsafe', subok=False)
CollectedData_Arg_SegTEST4.py:78: RuntimeWarning: Degrees of freedom <= 0 for slice
  Matrix[np.where((Matrix[:, allFeatures] == cla + 1)), 0:allFeatures][0], rowvar=False)
/home/595/aj8223/.local/lib/python3.6/site-packages/numpy/lib/function_base.py:2455: RuntimeWarning: divide by zero encountered in true_divide
  c *= np.true_divide(1, fact)
/home/595/aj8223/.local/lib/python3.6/site-packages/numpy/lib/function_base.py:2455: RuntimeWarning: invalid value encountered in multiply
  c *= np.true_divide(1, fact)
/home/595/aj8223/.local/lib/python3.6/site-packages/numpy/core/fromnumeric.py:3335: RuntimeWarning: Mean of empty slice.
  out=out, **kwargs)
Traceback (most recent call last):
  File "CollectedData_Arg_SegTEST4.py", line 727, in <module>
    , nameFile, startPerson, endPerson,allFeatures)
  File "CollectedData_Arg_SegTEST4.py", line 586, in evaluation
    samples, classes)
  File "CollectedData_Arg_SegTEST4.py", line 501, in SamplesFew_ShotTrainedModels
    xTrain.extend(np.random.multivariate_normal(meanDistribution, covDistribution, samples, check_valid='ignore'))
  File "mtrand.pyx", line 4084, in numpy.random.mtrand.RandomState.multivariate_normal
  File "/home/595/aj8223/.local/lib/python3.6/site-packages/scipy/linalg/decomp_svd.py", line 109, in svd
    a1 = _asarray_validated(a, check_finite=check_finite)
  File "/home/595/aj8223/.local/lib/python3.6/site-packages/scipy/_lib/_util.py", line 246, in _asarray_validated
    a = toarray(a)
  File "/home/595/aj8223/.local/lib/python3.6/site-packages/numpy/lib/function_base.py", line 499, in asarray_chkfinite
    "array must not contain infs or NaNs")
ValueError: array must not contain infs or NaNs
/home/595/aj8223/.local/lib/python3.6/site-packages/numpy/lib/function_base.py:393: RuntimeWarning: Mean of empty slice.
  avg = a.mean(axis)
/home/595/aj8223/.local/lib/python3.6/site-packages/numpy/core/_methods.py:154: RuntimeWarning: invalid value encountered in true_divide
  ret, rcount, out=ret, casting='unsafe', subok=False)
CollectedData_Arg_SegTEST4.py:78: RuntimeWarning: Degrees of freedom <= 0 for slice
  Matrix[np.where((Matrix[:, allFeatures] == cla + 1)), 0:allFeatures][0], rowvar=False)
/home/595/aj8223/.local/lib/python3.6/site-packages/numpy/lib/function_base.py:2455: RuntimeWarning: divide by zero encountered in true_divide
  c *= np.true_divide(1, fact)
/home/595/aj8223/.local/lib/python3.6/site-packages/numpy/lib/function_base.py:2455: RuntimeWarning: invalid value encountered in multiply
  c *= np.true_divide(1, fact)
/home/595/aj8223/.local/lib/python3.6/site-packages/numpy/core/fromnumeric.py:3335: RuntimeWarning: Mean of empty slice.
  out=out, **kwargs)
Traceback (most recent call last):
  File "CollectedData_Arg_SegTEST4.py", line 677, in <module>
    , nameFile, startPerson, endPerson,allFeatures)
  File "CollectedData_Arg_SegTEST4.py", line 586, in evaluation
    samples, classes)
  File "CollectedData_Arg_SegTEST4.py", line 501, in SamplesFew_ShotTrainedModels
    xTrain.extend(np.random.multivariate_normal(meanDistribution, covDistribution, samples, check_valid='ignore'))
  File "mtrand.pyx", line 4084, in numpy.random.mtrand.RandomState.multivariate_normal
  File "/home/595/aj8223/.local/lib/python3.6/site-packages/scipy/linalg/decomp_svd.py", line 109, in svd
    a1 = _asarray_validated(a, check_finite=check_finite)
  File "/home/595/aj8223/.local/lib/python3.6/site-packages/scipy/_lib/_util.py", line 246, in _asarray_validated
    a = toarray(a)
  File "/home/595/aj8223/.local/lib/python3.6/site-packages/numpy/lib/function_base.py", line 499, in asarray_chkfinite
    "array must not contain infs or NaNs")
ValueError: array must not contain infs or NaNs
/home/595/aj8223/.local/lib/python3.6/site-packages/numpy/lib/function_base.py:393: RuntimeWarning: Mean of empty slice.
  avg = a.mean(axis)
/home/595/aj8223/.local/lib/python3.6/site-packages/numpy/core/_methods.py:154: RuntimeWarning: invalid value encountered in true_divide
  ret, rcount, out=ret, casting='unsafe', subok=False)
CollectedData_Arg_SegTEST4.py:78: RuntimeWarning: Degrees of freedom <= 0 for slice
  Matrix[np.where((Matrix[:, allFeatures] == cla + 1)), 0:allFeatures][0], rowvar=False)
/home/595/aj8223/.local/lib/python3.6/site-packages/numpy/lib/function_base.py:2455: RuntimeWarning: divide by zero encountered in true_divide
  c *= np.true_divide(1, fact)
/home/595/aj8223/.local/lib/python3.6/site-packages/numpy/lib/function_base.py:2455: RuntimeWarning: invalid value encountered in multiply
  c *= np.true_divide(1, fact)
/home/595/aj8223/.local/lib/python3.6/site-packages/numpy/core/fromnumeric.py:3335: RuntimeWarning: Mean of empty slice.
  out=out, **kwargs)
Traceback (most recent call last):
  File "CollectedData_Arg_SegTEST4.py", line 775, in <module>
    , nameFile, startPerson, endPerson,allFeatures)
  File "CollectedData_Arg_SegTEST4.py", line 586, in evaluation
    samples, classes)
  File "CollectedData_Arg_SegTEST4.py", line 501, in SamplesFew_ShotTrainedModels
    xTrain.extend(np.random.multivariate_normal(meanDistribution, covDistribution, samples, check_valid='ignore'))
  File "mtrand.pyx", line 4084, in numpy.random.mtrand.RandomState.multivariate_normal
  File "/home/595/aj8223/.local/lib/python3.6/site-packages/scipy/linalg/decomp_svd.py", line 109, in svd
    a1 = _asarray_validated(a, check_finite=check_finite)
  File "/home/595/aj8223/.local/lib/python3.6/site-packages/scipy/_lib/_util.py", line 246, in _asarray_validated
    a = toarray(a)
  File "/home/595/aj8223/.local/lib/python3.6/site-packages/numpy/lib/function_base.py", line 499, in asarray_chkfinite
    "array must not contain infs or NaNs")
ValueError: array must not contain infs or NaNs
/home/595/aj8223/.local/lib/python3.6/site-packages/numpy/lib/function_base.py:393: RuntimeWarning: Mean of empty slice.
  avg = a.mean(axis)
/home/595/aj8223/.local/lib/python3.6/site-packages/numpy/core/_methods.py:154: RuntimeWarning: invalid value encountered in true_divide
  ret, rcount, out=ret, casting='unsafe', subok=False)
CollectedData_Arg_SegTEST4.py:78: RuntimeWarning: Degrees of freedom <= 0 for slice
  Matrix[np.where((Matrix[:, allFeatures] == cla + 1)), 0:allFeatures][0], rowvar=False)
/home/595/aj8223/.local/lib/python3.6/site-packages/numpy/lib/function_base.py:2455: RuntimeWarning: divide by zero encountered in true_divide
  c *= np.true_divide(1, fact)
/home/595/aj8223/.local/lib/python3.6/site-packages/numpy/lib/function_base.py:2455: RuntimeWarning: invalid value encountered in multiply
  c *= np.true_divide(1, fact)
/home/595/aj8223/.local/lib/python3.6/site-packages/numpy/core/fromnumeric.py:3335: RuntimeWarning: Mean of empty slice.
  out=out, **kwargs)
Traceback (most recent call last):
  File "CollectedData_Arg_SegTEST4.py", line 727, in <module>
    , nameFile, startPerson, endPerson,allFeatures)
  File "CollectedData_Arg_SegTEST4.py", line 586, in evaluation
    samples, classes)
  File "CollectedData_Arg_SegTEST4.py", line 501, in SamplesFew_ShotTrainedModels
    xTrain.extend(np.random.multivariate_normal(meanDistribution, covDistribution, samples, check_valid='ignore'))
  File "mtrand.pyx", line 4084, in numpy.random.mtrand.RandomState.multivariate_normal
  File "/home/595/aj8223/.local/lib/python3.6/site-packages/scipy/linalg/decomp_svd.py", line 109, in svd
    a1 = _asarray_validated(a, check_finite=check_finite)
  File "/home/595/aj8223/.local/lib/python3.6/site-packages/scipy/_lib/_util.py", line 246, in _asarray_validated
    a = toarray(a)
  File "/home/595/aj8223/.local/lib/python3.6/site-packages/numpy/lib/function_base.py", line 499, in asarray_chkfinite
    "array must not contain infs or NaNs")
ValueError: array must not contain infs or NaNs
